<?xml version="1.0" encoding="UTF-8"?>
<testng-results ignored="2" total="2" passed="0" failed="0" skipped="0">
  <reporter-output>
  </reporter-output>
  <suite started-at="2018-12-03T00:28:42Z" name="com.masteringselenium.one.BasicTest" finished-at="2018-12-03T00:28:42Z" duration-ms="6">
    <groups>
    </groups>
    <test started-at="2018-12-03T00:28:42Z" name="Command line test" finished-at="2018-12-03T00:28:42Z" duration-ms="6">
    </test> <!-- Command line test -->
  </suite> <!-- com.masteringselenium.one.BasicTest -->
</testng-results>
