<?xml version="1.0" encoding="UTF-8"?>
<!-- Generated by org.testng.reporters.JUnitXMLReporter -->
<testsuite ignored="2" hostname="Ryans-MacBook-Pro.local" failures="0" tests="0" time="0.006" errors="0" timestamp="03 Dec 2018 00:28:47 GMT">
  <testcase classname="com.masteringselenium.one.BasicTest" name="googleMilkExample" time="0.0">
    <ignored/>
  </testcase> <!-- googleMilkExample -->
  <testcase classname="com.masteringselenium.one.BasicTest" name="googleCheeseExample" time="0.0">
    <ignored/>
  </testcase> <!-- googleCheeseExample -->
</testsuite>
